Determining if the pthread_create exist failed with the following output:
Change Dir: /home/yuan/chai_ws/src/chai/cmake-build-debug/CMakeFiles/CMakeTmp

Run Build Command(s):/usr/bin/make cmTC_5ab8a/fast 
/usr/bin/make -f CMakeFiles/cmTC_5ab8a.dir/build.make CMakeFiles/cmTC_5ab8a.dir/build
make[1]: Entering directory '/home/yuan/chai_ws/src/chai/cmake-build-debug/CMakeFiles/CMakeTmp'
Building C object CMakeFiles/cmTC_5ab8a.dir/CheckSymbolExists.c.o
/usr/bin/cc    -o CMakeFiles/cmTC_5ab8a.dir/CheckSymbolExists.c.o   -c /home/yuan/chai_ws/src/chai/cmake-build-debug/CMakeFiles/CMakeTmp/CheckSymbolExists.c
Linking C executable cmTC_5ab8a
/snap/clion/73/bin/cmake/linux/bin/cmake -E cmake_link_script CMakeFiles/cmTC_5ab8a.dir/link.txt --verbose=1
/usr/bin/cc      -rdynamic CMakeFiles/cmTC_5ab8a.dir/CheckSymbolExists.c.o  -o cmTC_5ab8a 
CMakeFiles/cmTC_5ab8a.dir/CheckSymbolExists.c.o: In function `main':
CheckSymbolExists.c:(.text+0x16): undefined reference to `pthread_create'
collect2: error: ld returned 1 exit status
CMakeFiles/cmTC_5ab8a.dir/build.make:86: recipe for target 'cmTC_5ab8a' failed
make[1]: *** [cmTC_5ab8a] Error 1
make[1]: Leaving directory '/home/yuan/chai_ws/src/chai/cmake-build-debug/CMakeFiles/CMakeTmp'
Makefile:121: recipe for target 'cmTC_5ab8a/fast' failed
make: *** [cmTC_5ab8a/fast] Error 2

File /home/yuan/chai_ws/src/chai/cmake-build-debug/CMakeFiles/CMakeTmp/CheckSymbolExists.c:
/* */
#include <pthread.h>

int main(int argc, char** argv)
{
  (void)argv;
#ifndef pthread_create
  return ((int*)(&pthread_create))[argc];
#else
  (void)argc;
  return 0;
#endif
}

Determining if the function pthread_create exists in the pthreads failed with the following output:
Change Dir: /home/yuan/chai_ws/src/chai/cmake-build-debug/CMakeFiles/CMakeTmp

Run Build Command(s):/usr/bin/make cmTC_a045c/fast 
/usr/bin/make -f CMakeFiles/cmTC_a045c.dir/build.make CMakeFiles/cmTC_a045c.dir/build
make[1]: Entering directory '/home/yuan/chai_ws/src/chai/cmake-build-debug/CMakeFiles/CMakeTmp'
Building C object CMakeFiles/cmTC_a045c.dir/CheckFunctionExists.c.o
/usr/bin/cc   -DCHECK_FUNCTION_EXISTS=pthread_create   -o CMakeFiles/cmTC_a045c.dir/CheckFunctionExists.c.o   -c /snap/clion/73/bin/cmake/linux/share/cmake-3.14/Modules/CheckFunctionExists.c
Linking C executable cmTC_a045c
/snap/clion/73/bin/cmake/linux/bin/cmake -E cmake_link_script CMakeFiles/cmTC_a045c.dir/link.txt --verbose=1
/usr/bin/cc  -DCHECK_FUNCTION_EXISTS=pthread_create    -rdynamic CMakeFiles/cmTC_a045c.dir/CheckFunctionExists.c.o  -o cmTC_a045c -lpthreads 
/usr/bin/ld: cannot find -lpthreads
collect2: error: ld returned 1 exit status
CMakeFiles/cmTC_a045c.dir/build.make:86: recipe for target 'cmTC_a045c' failed
make[1]: *** [cmTC_a045c] Error 1
make[1]: Leaving directory '/home/yuan/chai_ws/src/chai/cmake-build-debug/CMakeFiles/CMakeTmp'
Makefile:121: recipe for target 'cmTC_a045c/fast' failed
make: *** [cmTC_a045c/fast] Error 2


